10:11:32.466 [main] DEBUG org.apache.poi.openxml4j.opc.PackageRelationshipCollection - Parsing relationship: /xl/_rels/workbook.xml.rels
10:11:32.471 [main] DEBUG org.apache.poi.openxml4j.opc.PackageRelationshipCollection - Parsing relationship: /xl/worksheets/_rels/sheet1.xml.rels
10:11:32.471 [main] DEBUG org.apache.poi.openxml4j.opc.PackageRelationshipCollection - Parsing relationship: /_rels/.rels
10:11:32.485 [main] DEBUG org.apache.poi.openxml4j.opc.PackageRelationshipCollection - Parsing relationship: /xl/_rels/workbook.xml.rels
10:11:32.485 [main] DEBUG org.apache.poi.openxml4j.opc.PackageRelationshipCollection - Parsing relationship: /xl/worksheets/_rels/sheet1.xml.rels
10:11:32.486 [main] DEBUG org.apache.poi.openxml4j.opc.PackageRelationshipCollection - Parsing relationship: /_rels/.rels
10:11:32.499 [main] DEBUG org.apache.poi.openxml4j.opc.PackageRelationshipCollection - Parsing relationship: /xl/_rels/workbook.xml.rels
10:11:32.500 [main] DEBUG org.apache.poi.openxml4j.opc.PackageRelationshipCollection - Parsing relationship: /xl/worksheets/_rels/sheet1.xml.rels
10:11:32.500 [main] DEBUG org.apache.poi.openxml4j.opc.PackageRelationshipCollection - Parsing relationship: /_rels/.rels
10:11:32.513 [main] DEBUG org.apache.poi.openxml4j.opc.PackageRelationshipCollection - Parsing relationship: /xl/_rels/workbook.xml.rels
10:11:32.514 [main] DEBUG org.apache.poi.openxml4j.opc.PackageRelationshipCollection - Parsing relationship: /xl/worksheets/_rels/sheet1.xml.rels
10:11:32.514 [main] DEBUG org.apache.poi.openxml4j.opc.PackageRelationshipCollection - Parsing relationship: /_rels/.rels
10:11:32.527 [main] DEBUG org.apache.poi.openxml4j.opc.PackageRelationshipCollection - Parsing relationship: /xl/_rels/workbook.xml.rels
10:11:32.528 [main] DEBUG org.apache.poi.openxml4j.opc.PackageRelationshipCollection - Parsing relationship: /xl/worksheets/_rels/sheet1.xml.rels
10:11:32.528 [main] DEBUG org.apache.poi.openxml4j.opc.PackageRelationshipCollection - Parsing relationship: /_rels/.rels
10:11:32.537 [main] DEBUG org.apache.poi.openxml4j.opc.PackageRelationshipCollection - Parsing relationship: /xl/_rels/workbook.xml.rels
10:11:32.537 [main] DEBUG org.apache.poi.openxml4j.opc.PackageRelationshipCollection - Parsing relationship: /xl/worksheets/_rels/sheet1.xml.rels
10:11:32.538 [main] DEBUG org.apache.poi.openxml4j.opc.PackageRelationshipCollection - Parsing relationship: /_rels/.rels
10:11:32.548 [main] DEBUG org.apache.poi.openxml4j.opc.PackageRelationshipCollection - Parsing relationship: /xl/_rels/workbook.xml.rels
10:11:32.549 [main] DEBUG org.apache.poi.openxml4j.opc.PackageRelationshipCollection - Parsing relationship: /xl/worksheets/_rels/sheet1.xml.rels
10:11:32.549 [main] DEBUG org.apache.poi.openxml4j.opc.PackageRelationshipCollection - Parsing relationship: /_rels/.rels
10:11:32.560 [main] DEBUG org.apache.poi.openxml4j.opc.PackageRelationshipCollection - Parsing relationship: /xl/_rels/workbook.xml.rels
10:11:32.560 [main] DEBUG org.apache.poi.openxml4j.opc.PackageRelationshipCollection - Parsing relationship: /xl/worksheets/_rels/sheet1.xml.rels
10:11:32.561 [main] DEBUG org.apache.poi.openxml4j.opc.PackageRelationshipCollection - Parsing relationship: /_rels/.rels
10:11:32.572 [main] DEBUG org.apache.poi.openxml4j.opc.PackageRelationshipCollection - Parsing relationship: /xl/_rels/workbook.xml.rels
10:11:32.573 [main] DEBUG org.apache.poi.openxml4j.opc.PackageRelationshipCollection - Parsing relationship: /xl/worksheets/_rels/sheet1.xml.rels
10:11:32.573 [main] DEBUG org.apache.poi.openxml4j.opc.PackageRelationshipCollection - Parsing relationship: /_rels/.rels
10:11:32.591 [main] INFO  testCases.TC003_LoginDDT - starting TC003_LoginDDT
10:11:44.083 [main] INFO  testCases.TC003_LoginDDT - starting TC003_LoginDDT
10:11:54.250 [main] INFO  testCases.TC003_LoginDDT - starting TC003_LoginDDT
10:12:04.396 [main] INFO  testCases.TC003_LoginDDT - starting TC003_LoginDDT
10:12:14.492 [main] INFO  testCases.TC003_LoginDDT - starting TC003_LoginDDT
10:39:52.438 [main] DEBUG org.testng.TestNG - suiteXmlPath: "C:\Workspace\JAVA Training\HybridFrameworkDemo\grouping.xml"
10:39:52.666 [main] INFO  org.testng.internal.Utils - [TestNG] Running:
  C:\Workspace\JAVA Training\HybridFrameworkDemo\grouping.xml

10:40:05.715 [main] DEBUG org.testng.TestNG - suiteXmlPath: "C:\Workspace\JAVA Training\HybridFrameworkDemo\grouping.xml"
10:40:05.890 [main] INFO  org.testng.internal.Utils - [TestNG] Running:
  C:\Workspace\JAVA Training\HybridFrameworkDemo\grouping.xml

10:42:01.272 [main] DEBUG org.testng.TestNG - suiteXmlPath: "C:\Workspace\JAVA Training\HybridFrameworkDemo\grouping.xml"
10:42:01.453 [main] INFO  org.testng.internal.Utils - [TestNG] Running:
  C:\Workspace\JAVA Training\HybridFrameworkDemo\grouping.xml

10:42:05.865 [main] INFO  testCases.TC002_LoginTest - Starting TC_002 login test
10:42:07.570 [main] INFO  testCases.TC002_LoginTest - Finished TC_002 login test
