10:49:17.327 [main] DEBUG org.apache.poi.openxml4j.opc.PackageRelationshipCollection - Parsing relationship: /_rels/.rels
10:49:17.344 [main] DEBUG org.apache.poi.openxml4j.opc.PackageRelationshipCollection - Parsing relationship: /xl/_rels/workbook.xml.rels
10:49:17.344 [main] DEBUG org.apache.poi.openxml4j.opc.PackageRelationshipCollection - Parsing relationship: /xl/worksheets/_rels/sheet1.xml.rels
10:49:17.344 [main] DEBUG org.apache.poi.openxml4j.opc.PackageRelationshipCollection - Parsing relationship: /_rels/.rels
10:49:17.356 [main] DEBUG org.apache.poi.openxml4j.opc.PackageRelationshipCollection - Parsing relationship: /xl/_rels/workbook.xml.rels
10:49:17.357 [main] DEBUG org.apache.poi.openxml4j.opc.PackageRelationshipCollection - Parsing relationship: /xl/worksheets/_rels/sheet1.xml.rels
10:49:17.357 [main] DEBUG org.apache.poi.openxml4j.opc.PackageRelationshipCollection - Parsing relationship: /_rels/.rels
10:49:17.366 [main] DEBUG org.apache.poi.openxml4j.opc.PackageRelationshipCollection - Parsing relationship: /xl/_rels/workbook.xml.rels
10:49:17.367 [main] DEBUG org.apache.poi.openxml4j.opc.PackageRelationshipCollection - Parsing relationship: /xl/worksheets/_rels/sheet1.xml.rels
10:49:17.367 [main] DEBUG org.apache.poi.openxml4j.opc.PackageRelationshipCollection - Parsing relationship: /_rels/.rels
10:49:17.376 [main] DEBUG org.apache.poi.openxml4j.opc.PackageRelationshipCollection - Parsing relationship: /xl/_rels/workbook.xml.rels
10:49:17.377 [main] DEBUG org.apache.poi.openxml4j.opc.PackageRelationshipCollection - Parsing relationship: /xl/worksheets/_rels/sheet1.xml.rels
10:49:17.377 [main] DEBUG org.apache.poi.openxml4j.opc.PackageRelationshipCollection - Parsing relationship: /_rels/.rels
10:49:17.389 [main] DEBUG org.apache.poi.openxml4j.opc.PackageRelationshipCollection - Parsing relationship: /xl/_rels/workbook.xml.rels
10:49:17.390 [main] DEBUG org.apache.poi.openxml4j.opc.PackageRelationshipCollection - Parsing relationship: /xl/worksheets/_rels/sheet1.xml.rels
10:49:17.390 [main] DEBUG org.apache.poi.openxml4j.opc.PackageRelationshipCollection - Parsing relationship: /_rels/.rels
10:49:17.401 [main] DEBUG org.apache.poi.openxml4j.opc.PackageRelationshipCollection - Parsing relationship: /xl/_rels/workbook.xml.rels
10:49:17.401 [main] DEBUG org.apache.poi.openxml4j.opc.PackageRelationshipCollection - Parsing relationship: /xl/worksheets/_rels/sheet1.xml.rels
10:49:17.402 [main] DEBUG org.apache.poi.openxml4j.opc.PackageRelationshipCollection - Parsing relationship: /_rels/.rels
10:49:17.410 [main] DEBUG org.apache.poi.openxml4j.opc.PackageRelationshipCollection - Parsing relationship: /xl/_rels/workbook.xml.rels
10:49:17.411 [main] DEBUG org.apache.poi.openxml4j.opc.PackageRelationshipCollection - Parsing relationship: /xl/worksheets/_rels/sheet1.xml.rels
10:49:17.411 [main] DEBUG org.apache.poi.openxml4j.opc.PackageRelationshipCollection - Parsing relationship: /_rels/.rels
10:49:17.421 [main] INFO  testCases.TC003_LoginDDT - starting TC003_LoginDDT
10:49:29.049 [main] INFO  testCases.TC003_LoginDDT - starting TC003_LoginDDT
10:49:39.271 [main] INFO  testCases.TC003_LoginDDT - starting TC003_LoginDDT
10:49:49.529 [main] INFO  testCases.TC003_LoginDDT - starting TC003_LoginDDT
10:49:59.735 [main] INFO  testCases.TC003_LoginDDT - starting TC003_LoginDDT
10:52:14.905 [main] DEBUG org.testng.TestNG - suiteXmlPath: "C:\Workspace\JAVA Training\HybridFrameworkDemo\master.xml"
10:52:18.525 [main] INFO  testCases.TC001_AccountRegistrationTest - starting TC001_AccountRegistrationTest
10:52:18.790 [main] INFO  testCases.TC001_AccountRegistrationTest - clicked on MyAccount link
10:52:19.496 [main] INFO  testCases.TC001_AccountRegistrationTest - clicked on Register link
10:52:19.498 [main] INFO  testCases.TC001_AccountRegistrationTest - providing customer details
10:52:20.822 [main] INFO  testCases.TC001_AccountRegistrationTest - validating expected message
10:52:20.861 [main] INFO  testCases.TC001_AccountRegistrationTest - finished TC001_AccountRegistrationTest
10:52:24.220 [main] INFO  testCases.TC002_LoginTest - Starting TC_002 login test
10:52:25.789 [main] INFO  testCases.TC002_LoginTest - Finished TC_002 login test
11:07:34.885 [main] DEBUG org.testng.TestNG - suiteXmlPath: "C:\Workspace\JAVA Training\HybridFrameworkDemo\master.xml"
11:07:38.654 [main] INFO  testCases.TC001_AccountRegistrationTest - starting TC001_AccountRegistrationTest
11:07:38.848 [main] INFO  testCases.TC001_AccountRegistrationTest - clicked on MyAccount link
11:07:39.492 [main] INFO  testCases.TC001_AccountRegistrationTest - clicked on Register link
11:07:39.493 [main] INFO  testCases.TC001_AccountRegistrationTest - providing customer details
11:07:40.792 [main] INFO  testCases.TC001_AccountRegistrationTest - validating expected message
11:07:40.836 [main] INFO  testCases.TC001_AccountRegistrationTest - finished TC001_AccountRegistrationTest
11:07:44.108 [main] INFO  testCases.TC002_LoginTest - Starting TC_002 login test
