10:10:06.556 [main] DEBUG org.testng.TestNG - suiteXmlPath: "C:\Workspace\JAVA Training\HybridFrameworkDemo\crossbrowsertesting.xml"
10:10:06.761 [main] INFO  org.testng.internal.Utils - [TestNG] Running:
  C:\Workspace\JAVA Training\HybridFrameworkDemo\crossbrowsertesting.xml

10:10:10.537 [TestNG-tests-2] INFO  testCases.TC001_AccountRegistrationTest - starting TC001_AccountRegistrationTest
10:10:10.680 [TestNG-tests-2] INFO  testCases.TC001_AccountRegistrationTest - clicked on MyAccount link
10:10:10.729 [TestNG-tests-1] INFO  testCases.TC001_AccountRegistrationTest - starting TC001_AccountRegistrationTest
10:10:10.843 [TestNG-tests-1] INFO  testCases.TC001_AccountRegistrationTest - clicked on MyAccount link
10:10:11.443 [TestNG-tests-1] INFO  testCases.TC001_AccountRegistrationTest - clicked on Register link
10:10:11.444 [TestNG-tests-1] INFO  testCases.TC001_AccountRegistrationTest - providing customer details
10:10:13.128 [TestNG-tests-2] INFO  testCases.TC001_AccountRegistrationTest - clicked on Register link
10:10:13.129 [TestNG-tests-2] INFO  testCases.TC001_AccountRegistrationTest - providing customer details
10:10:13.810 [TestNG-tests-3] INFO  testCases.TC001_AccountRegistrationTest - starting TC001_AccountRegistrationTest
10:10:14.113 [TestNG-tests-3] INFO  testCases.TC001_AccountRegistrationTest - clicked on MyAccount link
10:10:14.145 [TestNG-tests-3] INFO  testCases.TC001_AccountRegistrationTest - clicked on Register link
10:10:14.146 [TestNG-tests-3] INFO  testCases.TC001_AccountRegistrationTest - providing customer details
10:11:28.058 [main] DEBUG org.testng.TestNG - suiteXmlPath: "C:\Workspace\JAVA Training\HybridFrameworkDemo\master.xml"
10:11:28.238 [main] INFO  org.testng.internal.Utils - [TestNG] Running:
  C:\Workspace\JAVA Training\HybridFrameworkDemo\master.xml

10:11:31.934 [main] DEBUG org.apache.poi.openxml4j.opc.PackageRelationshipCollection - Parsing relationship: /xl/_rels/workbook.xml.rels
10:11:31.936 [main] DEBUG org.apache.poi.openxml4j.opc.PackageRelationshipCollection - Parsing relationship: /xl/worksheets/_rels/sheet1.xml.rels
10:11:31.939 [main] DEBUG org.apache.poi.openxml4j.opc.PackageRelationshipCollection - Parsing relationship: /_rels/.rels
10:11:32.350 [main] DEBUG org.apache.poi.openxml4j.opc.PackageRelationshipCollection - Parsing relationship: /xl/_rels/workbook.xml.rels
10:11:32.351 [main] DEBUG org.apache.poi.openxml4j.opc.PackageRelationshipCollection - Parsing relationship: /xl/worksheets/_rels/sheet1.xml.rels
10:11:32.351 [main] DEBUG org.apache.poi.openxml4j.opc.PackageRelationshipCollection - Parsing relationship: /_rels/.rels
10:11:32.371 [main] DEBUG org.apache.poi.openxml4j.opc.PackageRelationshipCollection - Parsing relationship: /xl/_rels/workbook.xml.rels
10:11:32.372 [main] DEBUG org.apache.poi.openxml4j.opc.PackageRelationshipCollection - Parsing relationship: /xl/worksheets/_rels/sheet1.xml.rels
10:11:32.372 [main] DEBUG org.apache.poi.openxml4j.opc.PackageRelationshipCollection - Parsing relationship: /_rels/.rels
10:11:32.392 [main] DEBUG org.apache.poi.openxml4j.opc.PackageRelationshipCollection - Parsing relationship: /xl/_rels/workbook.xml.rels
10:11:32.393 [main] DEBUG org.apache.poi.openxml4j.opc.PackageRelationshipCollection - Parsing relationship: /xl/worksheets/_rels/sheet1.xml.rels
10:11:32.394 [main] DEBUG org.apache.poi.openxml4j.opc.PackageRelationshipCollection - Parsing relationship: /_rels/.rels
10:11:32.407 [main] DEBUG org.apache.poi.openxml4j.opc.PackageRelationshipCollection - Parsing relationship: /xl/_rels/workbook.xml.rels
10:11:32.408 [main] DEBUG org.apache.poi.openxml4j.opc.PackageRelationshipCollection - Parsing relationship: /xl/worksheets/_rels/sheet1.xml.rels
10:11:32.408 [main] DEBUG org.apache.poi.openxml4j.opc.PackageRelationshipCollection - Parsing relationship: /_rels/.rels
10:11:32.423 [main] DEBUG org.apache.poi.openxml4j.opc.PackageRelationshipCollection - Parsing relationship: /xl/_rels/workbook.xml.rels
10:11:32.424 [main] DEBUG org.apache.poi.openxml4j.opc.PackageRelationshipCollection - Parsing relationship: /xl/worksheets/_rels/sheet1.xml.rels
10:11:32.424 [main] DEBUG org.apache.poi.openxml4j.opc.PackageRelationshipCollection - Parsing relationship: /_rels/.rels
10:11:32.438 [main] DEBUG org.apache.poi.openxml4j.opc.PackageRelationshipCollection - Parsing relationship: /xl/_rels/workbook.xml.rels
10:11:32.438 [main] DEBUG org.apache.poi.openxml4j.opc.PackageRelationshipCollection - Parsing relationship: /xl/worksheets/_rels/sheet1.xml.rels
10:11:32.439 [main] DEBUG org.apache.poi.openxml4j.opc.PackageRelationshipCollection - Parsing relationship: /_rels/.rels
10:11:32.453 [main] DEBUG org.apache.poi.openxml4j.opc.PackageRelationshipCollection - Parsing relationship: /xl/_rels/workbook.xml.rels
10:11:32.454 [main] DEBUG org.apache.poi.openxml4j.opc.PackageRelationshipCollection - Parsing relationship: /xl/worksheets/_rels/sheet1.xml.rels
10:11:32.454 [main] DEBUG org.apache.poi.openxml4j.opc.PackageRelationshipCollection - Parsing relationship: /_rels/.rels
