10:42:10.936 [main] INFO  testCases.TC001_AccountRegistrationTest - starting TC001_AccountRegistrationTest
10:42:10.994 [main] INFO  testCases.TC001_AccountRegistrationTest - clicked on MyAccount link
10:42:11.581 [main] INFO  testCases.TC001_AccountRegistrationTest - clicked on Register link
10:42:11.582 [main] INFO  testCases.TC001_AccountRegistrationTest - providing customer details
10:52:44.881 [main] DEBUG org.testng.TestNG - suiteXmlPath: "C:\Workspace\JAVA Training\HybridFrameworkDemo\grouping.xml"
10:52:45.077 [main] INFO  org.testng.internal.Utils - [TestNG] Running:
  C:\Workspace\JAVA Training\HybridFrameworkDemo\grouping.xml

10:52:49.146 [main] INFO  testCases.TC002_LoginTest - Starting TC_002 login test
10:52:50.518 [main] INFO  testCases.TC002_LoginTest - Finished TC_002 login test
10:52:53.736 [main] INFO  testCases.TC001_AccountRegistrationTest - starting TC001_AccountRegistrationTest
10:52:53.861 [main] INFO  testCases.TC001_AccountRegistrationTest - clicked on MyAccount link
10:52:54.471 [main] INFO  testCases.TC001_AccountRegistrationTest - clicked on Register link
10:52:54.473 [main] INFO  testCases.TC001_AccountRegistrationTest - providing customer details
10:56:14.630 [main] DEBUG org.testng.TestNG - suiteXmlPath: "C:\Workspace\JAVA Training\HybridFrameworkDemo\grouping.xml"
10:56:14.812 [main] INFO  org.testng.internal.Utils - [TestNG] Running:
  C:\Workspace\JAVA Training\HybridFrameworkDemo\grouping.xml

10:56:18.518 [main] INFO  testCases.TC002_LoginTest - Starting TC_002 login test
10:56:20.049 [main] INFO  testCases.TC002_LoginTest - Finished TC_002 login test
13:05:32.708 [main] DEBUG org.testng.TestNG - suiteXmlPath: "C:\Workspace\JAVA Training\HybridFrameworkDemo\grouping.xml"
13:05:32.911 [main] INFO  org.testng.internal.Utils - [TestNG] Running:
  C:\Workspace\JAVA Training\HybridFrameworkDemo\grouping.xml

13:05:37.072 [main] INFO  testCases.TC002_LoginTest - Starting TC_002 login test
13:05:38.545 [main] INFO  testCases.TC002_LoginTest - Finished TC_002 login test
13:05:41.490 [main] INFO  testCases.TC001_AccountRegistrationTest - starting TC001_AccountRegistrationTest
13:05:41.876 [main] INFO  testCases.TC001_AccountRegistrationTest - clicked on MyAccount link
13:05:42.479 [main] INFO  testCases.TC001_AccountRegistrationTest - clicked on Register link
13:05:42.481 [main] INFO  testCases.TC001_AccountRegistrationTest - providing customer details
16:13:28.262 [main] DEBUG org.testng.TestNG - suiteXmlPath: "C:\Workspace\JAVA Training\HybridFrameworkDemo\crossbrowsertesting.xml"
16:15:21.449 [main] DEBUG org.testng.TestNG - suiteXmlPath: "C:\Workspace\JAVA Training\HybridFrameworkDemo\grouping.xml"
16:15:21.662 [main] INFO  org.testng.internal.Utils - [TestNG] Running:
  C:\Workspace\JAVA Training\HybridFrameworkDemo\grouping.xml

16:31:03.409 [main] DEBUG org.testng.TestNG - suiteXmlPath: "C:\Workspace\JAVA Training\HybridFrameworkDemo\crossbrowsertesting.xml"
16:32:24.653 [main] DEBUG org.testng.TestNG - suiteXmlPath: "C:\Workspace\JAVA Training\HybridFrameworkDemo\master.xml"
16:32:24.843 [main] INFO  org.testng.internal.Utils - [TestNG] Running:
  C:\Workspace\JAVA Training\HybridFrameworkDemo\master.xml

16:32:29.337 [main] INFO  testCases.TC001_AccountRegistrationTest - starting TC001_AccountRegistrationTest
16:32:29.435 [main] INFO  testCases.TC001_AccountRegistrationTest - clicked on MyAccount link
16:32:30.032 [main] INFO  testCases.TC001_AccountRegistrationTest - clicked on Register link
16:32:30.035 [main] INFO  testCases.TC001_AccountRegistrationTest - providing customer details
16:32:34.129 [main] INFO  testCases.TC002_LoginTest - Starting TC_002 login test
16:32:35.733 [main] INFO  testCases.TC002_LoginTest - Finished TC_002 login test
16:34:14.994 [main] DEBUG org.testng.TestNG - suiteXmlPath: "C:\Workspace\JAVA Training\HybridFrameworkDemo\master.xml"
16:34:15.185 [main] INFO  org.testng.internal.Utils - [TestNG] Running:
  C:\Workspace\JAVA Training\HybridFrameworkDemo\master.xml

16:34:18.891 [main] INFO  testCases.TC001_AccountRegistrationTest - starting TC001_AccountRegistrationTest
16:34:18.966 [main] INFO  testCases.TC001_AccountRegistrationTest - clicked on MyAccount link
16:34:19.569 [main] INFO  testCases.TC001_AccountRegistrationTest - clicked on Register link
16:34:19.570 [main] INFO  testCases.TC001_AccountRegistrationTest - providing customer details
16:34:23.451 [main] INFO  testCases.TC002_LoginTest - Starting TC_002 login test
16:34:25.087 [main] INFO  testCases.TC002_LoginTest - Finished TC_002 login test
16:37:35.983 [main] DEBUG org.testng.TestNG - suiteXmlPath: "C:\Workspace\JAVA Training\HybridFrameworkDemo\master.xml"
16:37:36.176 [main] INFO  org.testng.internal.Utils - [TestNG] Running:
  C:\Workspace\JAVA Training\HybridFrameworkDemo\master.xml

16:37:39.810 [main] INFO  testCases.TC001_AccountRegistrationTest - starting TC001_AccountRegistrationTest
16:37:39.892 [main] INFO  testCases.TC001_AccountRegistrationTest - clicked on MyAccount link
